
<h3>09.16.25 16:37:22</h3>
Image C:\xampp\htdocs\Jo\media\com_hikashop\images\barcode.png could not be opened when trying to generate its thumbnail
<h3>09.16.25 16:37:29</h3>
Image C:\xampp\htdocs\Jo\media\com_hikashop\images\barcode.png could not be opened when trying to generate its thumbnail
<h3>09.16.25 16:37:37</h3>
Image C:\xampp\htdocs\Jo\images\com_hikashop\upload\fotolia_25205381_s.jpg could not be opened when trying to generate its thumbnail
<h3>09.16.25 16:37:37</h3>
Image C:\xampp\htdocs\Jo\images\com_hikashop\upload\fotolia_26461775_s.jpg could not be opened when trying to generate its thumbnail
<h3>09.16.25 16:37:37</h3>
Image C:\xampp\htdocs\Jo\images\com_hikashop\upload\porsche_carrera_4964.jpg could not be opened when trying to generate its thumbnail
<h3>09.16.25 16:37:37</h3>
Image C:\xampp\htdocs\Jo\images\com_hikashop\upload\shoes1.png could not be opened when trying to generate its thumbnail
<h3>09.16.25 16:37:37</h3>
Image C:\xampp\htdocs\Jo\images\com_hikashop\upload\fotolia_26848006_s_13037.jpg could not be opened when trying to generate its thumbnail
<h3>09.16.25 16:37:37</h3>
Image C:\xampp\htdocs\Jo\images\com_hikashop\upload\fotolia_5316655_s_19586.jpg could not be opened when trying to generate its thumbnail
<h3>09.16.25 16:37:37</h3>
Image C:\xampp\htdocs\Jo\images\com_hikashop\upload\great_gatsby.jpg could not be opened when trying to generate its thumbnail
<h3>09.16.25 16:37:37</h3>
Image C:\xampp\htdocs\Jo\images\com_hikashop\upload\candide.jpg could not be opened when trying to generate its thumbnail
<h3>09.16.25 16:37:37</h3>
Image C:\xampp\htdocs\Jo\images\com_hikashop\upload\starter.jpg could not be opened when trying to generate its thumbnail
<h3>09.16.25 16:37:37</h3>
Image C:\xampp\htdocs\Jo\images\com_hikashop\upload\fotolia_28114559_s.jpg could not be opened when trying to generate its thumbnail
<h3>09.16.25 16:37:37</h3>
Image C:\xampp\htdocs\Jo\images\com_hikashop\upload\fotolia_25058941_s.jpg could not be opened when trying to generate its thumbnail
<h3>09.16.25 16:37:37</h3>
Image C:\xampp\htdocs\Jo\images\com_hikashop\upload\porsche_carrera_targa.jpg could not be opened when trying to generate its thumbnail
<h3>09.16.25 16:37:37</h3>
Image C:\xampp\htdocs\Jo\images\com_hikashop\upload\shoes2.png could not be opened when trying to generate its thumbnail
<h3>09.16.25 16:37:37</h3>
Image C:\xampp\htdocs\Jo\images\com_hikashop\upload\fotolia_20227750_s.jpg could not be opened when trying to generate its thumbnail
<h3>09.16.25 16:37:37</h3>
Image C:\xampp\htdocs\Jo\images\com_hikashop\upload\fotolia_24583655_s.jpg could not be opened when trying to generate its thumbnail
<h3>09.16.25 16:37:37</h3>
Image C:\xampp\htdocs\Jo\images\com_hikashop\upload\dalloway.jpg could not be opened when trying to generate its thumbnail
<h3>09.16.25 16:37:37</h3>
Image C:\xampp\htdocs\Jo\images\com_hikashop\upload\baudelaire.jpg could not be opened when trying to generate its thumbnail
<h3>09.16.25 16:37:37</h3>
Image C:\xampp\htdocs\Jo\images\com_hikashop\upload\temperaturedial.jpg could not be opened when trying to generate its thumbnail
<h3>09.16.25 16:37:37</h3>
Image C:\xampp\htdocs\Jo\images\com_hikashop\upload\fotolia_27565313_s_12632.jpg could not be opened when trying to generate its thumbnail
<h3>09.16.25 16:37:37</h3>
Image C:\xampp\htdocs\Jo\images\com_hikashop\upload\fotolia_22219014_s.jpg could not be opened when trying to generate its thumbnail
<h3>09.16.25 16:38:24</h3>
Image C:\xampp\htdocs\Jo\images\com_hikashop\upload\fotolia_25205381_s.jpg could not be opened when trying to generate its thumbnail
<h3>09.16.25 16:38:24</h3>
Image C:\xampp\htdocs\Jo\images\com_hikashop\upload\fotolia_28114559_s.jpg could not be opened when trying to generate its thumbnail
<h3>09.16.25 16:38:24</h3>
Image C:\xampp\htdocs\Jo\images\com_hikashop\upload\fotolia_27565313_s_12632.jpg could not be opened when trying to generate its thumbnail
<h3>09.16.25 16:39:14</h3>
Image C:\xampp\htdocs\Jo\images\com_hikashop\upload\fotolia_25205381_s.jpg could not be opened when trying to generate its thumbnail
<h3>09.16.25 16:39:14</h3>
Image C:\xampp\htdocs\Jo\images\com_hikashop\upload\fotolia_28114559_s.jpg could not be opened when trying to generate its thumbnail
<h3>09.16.25 16:39:15</h3>
Image C:\xampp\htdocs\Jo\images\com_hikashop\upload\fotolia_27565313_s_12632.jpg could not be opened when trying to generate its thumbnail
<h3>09.16.25 16:39:26</h3>
Image C:\xampp\htdocs\Jo\images\com_hikashop\upload\fotolia_28114559_s.jpg could not be opened when trying to generate its thumbnail
<h3>09.16.25 16:39:34</h3>
Image C:\xampp\htdocs\Jo\images\com_hikashop\upload\fotolia_26461775_s.jpg could not be opened when trying to generate its thumbnail
<h3>09.16.25 16:39:34</h3>
Image C:\xampp\htdocs\Jo\images\com_hikashop\upload\fotolia_25205381_s.jpg could not be opened when trying to generate its thumbnail
<h3>09.16.25 16:39:34</h3>
Image C:\xampp\htdocs\Jo\images\com_hikashop\upload\porsche_carrera_4964.jpg could not be opened when trying to generate its thumbnail
<h3>09.16.25 16:39:34</h3>
Image C:\xampp\htdocs\Jo\images\com_hikashop\upload\shoes1.png could not be opened when trying to generate its thumbnail
<h3>09.16.25 16:39:34</h3>
Image C:\xampp\htdocs\Jo\images\com_hikashop\upload\badge_newproduct_16223.png could not be opened when trying to generate its thumbnail
<h3>09.16.25 16:39:34</h3>
Image C:\xampp\htdocs\Jo\images\com_hikashop\upload\fotolia_26848006_s_13037.jpg could not be opened when trying to generate its thumbnail
<h3>09.16.25 16:39:34</h3>
Image C:\xampp\htdocs\Jo\images\com_hikashop\upload\fotolia_5316655_s_19586.jpg could not be opened when trying to generate its thumbnail
<h3>09.16.25 16:39:34</h3>
Image C:\xampp\htdocs\Jo\images\com_hikashop\upload\great_gatsby.jpg could not be opened when trying to generate its thumbnail
<h3>09.16.25 16:39:34</h3>
Image C:\xampp\htdocs\Jo\images\com_hikashop\upload\candide.jpg could not be opened when trying to generate its thumbnail
<h3>09.16.25 16:39:34</h3>
Image C:\xampp\htdocs\Jo\images\com_hikashop\upload\starter.jpg could not be opened when trying to generate its thumbnail
<h3>09.16.25 16:39:34</h3>
Image C:\xampp\htdocs\Jo\images\com_hikashop\upload\fotolia_25058941_s.jpg could not be opened when trying to generate its thumbnail
<h3>09.16.25 16:39:34</h3>
Image C:\xampp\htdocs\Jo\images\com_hikashop\upload\fotolia_28114559_s.jpg could not be opened when trying to generate its thumbnail
<h3>09.16.25 16:39:34</h3>
Image C:\xampp\htdocs\Jo\images\com_hikashop\upload\porsche_carrera_targa.jpg could not be opened when trying to generate its thumbnail
<h3>09.16.25 16:39:34</h3>
Image C:\xampp\htdocs\Jo\images\com_hikashop\upload\shoes2.png could not be opened when trying to generate its thumbnail
<h3>09.16.25 16:39:34</h3>
Image C:\xampp\htdocs\Jo\images\com_hikashop\upload\fotolia_20227750_s.jpg could not be opened when trying to generate its thumbnail
<h3>09.16.25 16:39:34</h3>
Image C:\xampp\htdocs\Jo\images\com_hikashop\upload\fotolia_24583655_s.jpg could not be opened when trying to generate its thumbnail
<h3>09.16.25 16:39:34</h3>
Image C:\xampp\htdocs\Jo\images\com_hikashop\upload\dalloway.jpg could not be opened when trying to generate its thumbnail
<h3>09.16.25 16:39:34</h3>
Image C:\xampp\htdocs\Jo\images\com_hikashop\upload\baudelaire.jpg could not be opened when trying to generate its thumbnail
<h3>09.16.25 16:39:34</h3>
Image C:\xampp\htdocs\Jo\images\com_hikashop\upload\temperaturedial.jpg could not be opened when trying to generate its thumbnail
<h3>09.16.25 16:39:34</h3>
Image C:\xampp\htdocs\Jo\images\com_hikashop\upload\fotolia_22219014_s.jpg could not be opened when trying to generate its thumbnail
<h3>09.16.25 16:39:34</h3>
Image C:\xampp\htdocs\Jo\images\com_hikashop\upload\fotolia_27565313_s_12632.jpg could not be opened when trying to generate its thumbnail
<h3>09.16.25 16:39:34</h3>
Image C:\xampp\htdocs\Jo\images\com_hikashop\upload\porsche_carrera_4993.jpg could not be opened when trying to generate its thumbnail
<h3>09.16.25 16:39:44</h3>
Image C:\xampp\htdocs\Jo\images\com_hikashop\upload\blinker.jpg could not be opened when trying to generate its thumbnail
<h3>09.16.25 16:39:44</h3>
Image C:\xampp\htdocs\Jo\images\com_hikashop\upload\fotolia_25792362_s.jpg could not be opened when trying to generate its thumbnail
<h3>09.16.25 16:39:44</h3>
Image C:\xampp\htdocs\Jo\images\com_hikashop\upload\porsche_cayman.jpg could not be opened when trying to generate its thumbnail
<h3>09.16.25 16:39:44</h3>
Image C:\xampp\htdocs\Jo\images\com_hikashop\upload\shoes6.png could not be opened when trying to generate its thumbnail
<h3>09.16.25 16:39:44</h3>
Image C:\xampp\htdocs\Jo\images\com_hikashop\upload\graphictablet.png could not be opened when trying to generate its thumbnail
<h3>09.16.25 16:39:44</h3>
Image C:\xampp\htdocs\Jo\images\com_hikashop\upload\computer.png could not be opened when trying to generate its thumbnail
<h3>09.16.25 16:39:44</h3>
Image C:\xampp\htdocs\Jo\images\com_hikashop\upload\dame.jpg could not be opened when trying to generate its thumbnail
<h3>09.16.25 16:39:44</h3>
Image C:\xampp\htdocs\Jo\images\com_hikashop\upload\sea_tales.jpg could not be opened when trying to generate its thumbnail
<h3>09.16.25 16:39:44</h3>
Image C:\xampp\htdocs\Jo\images\com_hikashop\upload\headlamp.jpg could not be opened when trying to generate its thumbnail
<h3>09.16.25 16:39:44</h3>
Image C:\xampp\htdocs\Jo\images\com_hikashop\upload\porsche_carrera.jpg could not be opened when trying to generate its thumbnail
<h3>09.16.25 16:39:44</h3>
Image C:\xampp\htdocs\Jo\images\com_hikashop\upload\shoes7_876.png could not be opened when trying to generate its thumbnail
<h3>09.16.25 16:39:44</h3>
Image C:\xampp\htdocs\Jo\images\com_hikashop\upload\fotolia_8113663_s_14149.jpg could not be opened when trying to generate its thumbnail
<h3>09.16.25 16:39:44</h3>
Image C:\xampp\htdocs\Jo\images\com_hikashop\upload\fotolia_15572164_s.jpg could not be opened when trying to generate its thumbnail
<h3>09.16.25 16:39:44</h3>
Image C:\xampp\htdocs\Jo\images\com_hikashop\upload\steering_wheel.png could not be opened when trying to generate its thumbnail
<h3>09.16.25 16:39:44</h3>
Image C:\xampp\htdocs\Jo\images\com_hikashop\upload\porsche_carrera_cabriolet.jpg could not be opened when trying to generate its thumbnail
<h3>09.16.25 16:39:44</h3>
Image C:\xampp\htdocs\Jo\images\com_hikashop\upload\shoes8.png could not be opened when trying to generate its thumbnail
<h3>09.16.25 16:39:44</h3>
Image C:\xampp\htdocs\Jo\images\com_hikashop\upload\fotolia_1415310_s.jpg could not be opened when trying to generate its thumbnail
<h3>09.16.25 16:39:44</h3>
Image C:\xampp\htdocs\Jo\images\com_hikashop\upload\fotolia_23655932_s.jpg could not be opened when trying to generate its thumbnail
<h3>09.16.25 16:39:44</h3>
Image C:\xampp\htdocs\Jo\images\com_hikashop\upload\speedometer.png could not be opened when trying to generate its thumbnail
<h3>09.16.25 16:39:44</h3>
Image C:\xampp\htdocs\Jo\images\com_hikashop\upload\shoes9.png could not be opened when trying to generate its thumbnail
<h3>09.16.25 16:39:44</h3>
Image C:\xampp\htdocs\Jo\images\com_hikashop\upload\fotolia_23894116_s.jpg could not be opened when trying to generate its thumbnail
<h3>09.16.25 16:39:52</h3>
Image C:\xampp\htdocs\Jo\images\com_hikashop\upload\cat_shoes.png could not be opened when trying to generate its thumbnail
<h3>09.16.25 16:39:52</h3>
Image C:\xampp\htdocs\Jo\images\com_hikashop\upload\cat_computing.png could not be opened when trying to generate its thumbnail
<h3>09.16.25 16:39:52</h3>
Image C:\xampp\htdocs\Jo\images\com_hikashop\upload\cat_ebook.png could not be opened when trying to generate its thumbnail
<h3>09.16.25 16:39:52</h3>
Image C:\xampp\htdocs\Jo\images\com_hikashop\upload\cat_automobile.png could not be opened when trying to generate its thumbnail
<h3>09.16.25 16:39:55</h3>
Image C:\xampp\htdocs\Jo\images\com_hikashop\upload\english.png could not be opened when trying to generate its thumbnail
<h3>09.16.25 16:39:55</h3>
Image C:\xampp\htdocs\Jo\images\com_hikashop\upload\french.png could not be opened when trying to generate its thumbnail
<h3>09.16.25 16:39:57</h3>
Image C:\xampp\htdocs\Jo\images\com_hikashop\upload\candide.jpg could not be opened when trying to generate its thumbnail
<h3>09.16.25 16:39:57</h3>
Image C:\xampp\htdocs\Jo\images\com_hikashop\upload\baudelaire.jpg could not be opened when trying to generate its thumbnail
<h3>09.16.25 16:39:57</h3>
Image C:\xampp\htdocs\Jo\images\com_hikashop\upload\jules_verne.jpg could not be opened when trying to generate its thumbnail
<h3>09.16.25 16:39:57</h3>
Image C:\xampp\htdocs\Jo\images\com_hikashop\upload\swan.jpg could not be opened when trying to generate its thumbnail
<h3>09.16.25 16:39:57</h3>
Image C:\xampp\htdocs\Jo\images\com_hikashop\upload\flaubert.jpg could not be opened when trying to generate its thumbnail
<h3>09.16.25 16:39:57</h3>
Image C:\xampp\htdocs\Jo\images\com_hikashop\upload\dame.jpg could not be opened when trying to generate its thumbnail
<h3>09.16.25 16:40:07</h3>
Image C:\xampp\htdocs\Jo\images\com_hikashop\upload\cat_shoes.png could not be opened when trying to generate its thumbnail
<h3>09.16.25 16:40:07</h3>
Image C:\xampp\htdocs\Jo\images\com_hikashop\upload\cat_computing.png could not be opened when trying to generate its thumbnail
<h3>09.16.25 16:40:07</h3>
Image C:\xampp\htdocs\Jo\images\com_hikashop\upload\cat_ebook.png could not be opened when trying to generate its thumbnail
<h3>09.16.25 16:40:07</h3>
Image C:\xampp\htdocs\Jo\images\com_hikashop\upload\cat_automobile.png could not be opened when trying to generate its thumbnail
<h3>09.16.25 16:40:12</h3>
Image C:\xampp\htdocs\Jo\images\com_hikashop\upload\fotolia_26461775_s.jpg could not be opened when trying to generate its thumbnail
<h3>09.16.25 16:40:12</h3>
Image C:\xampp\htdocs\Jo\images\com_hikashop\upload\fotolia_25205381_s.jpg could not be opened when trying to generate its thumbnail
<h3>09.16.25 16:40:12</h3>
Image C:\xampp\htdocs\Jo\images\com_hikashop\upload\porsche_carrera_4964.jpg could not be opened when trying to generate its thumbnail
<h3>09.16.25 16:40:12</h3>
Image C:\xampp\htdocs\Jo\images\com_hikashop\upload\shoes1.png could not be opened when trying to generate its thumbnail
<h3>09.16.25 16:40:12</h3>
Image C:\xampp\htdocs\Jo\images\com_hikashop\upload\badge_newproduct_16223.png could not be opened when trying to generate its thumbnail
<h3>09.16.25 16:40:12</h3>
Image C:\xampp\htdocs\Jo\images\com_hikashop\upload\fotolia_26848006_s_13037.jpg could not be opened when trying to generate its thumbnail
<h3>09.16.25 16:40:12</h3>
Image C:\xampp\htdocs\Jo\images\com_hikashop\upload\fotolia_5316655_s_19586.jpg could not be opened when trying to generate its thumbnail
<h3>09.16.25 16:40:12</h3>
Image C:\xampp\htdocs\Jo\images\com_hikashop\upload\great_gatsby.jpg could not be opened when trying to generate its thumbnail
<h3>09.16.25 16:40:12</h3>
Image C:\xampp\htdocs\Jo\images\com_hikashop\upload\candide.jpg could not be opened when trying to generate its thumbnail
<h3>09.16.25 16:40:12</h3>
Image C:\xampp\htdocs\Jo\images\com_hikashop\upload\starter.jpg could not be opened when trying to generate its thumbnail
<h3>09.16.25 16:40:12</h3>
Image C:\xampp\htdocs\Jo\images\com_hikashop\upload\fotolia_25058941_s.jpg could not be opened when trying to generate its thumbnail
<h3>09.16.25 16:40:12</h3>
Image C:\xampp\htdocs\Jo\images\com_hikashop\upload\fotolia_28114559_s.jpg could not be opened when trying to generate its thumbnail
<h3>09.16.25 16:40:12</h3>
Image C:\xampp\htdocs\Jo\images\com_hikashop\upload\porsche_carrera_targa.jpg could not be opened when trying to generate its thumbnail
<h3>09.16.25 16:40:12</h3>
Image C:\xampp\htdocs\Jo\images\com_hikashop\upload\shoes2.png could not be opened when trying to generate its thumbnail
<h3>09.16.25 16:40:12</h3>
Image C:\xampp\htdocs\Jo\images\com_hikashop\upload\fotolia_20227750_s.jpg could not be opened when trying to generate its thumbnail
<h3>09.16.25 16:40:12</h3>
Image C:\xampp\htdocs\Jo\images\com_hikashop\upload\fotolia_24583655_s.jpg could not be opened when trying to generate its thumbnail
<h3>09.16.25 16:40:12</h3>
Image C:\xampp\htdocs\Jo\images\com_hikashop\upload\dalloway.jpg could not be opened when trying to generate its thumbnail
<h3>09.16.25 16:40:12</h3>
Image C:\xampp\htdocs\Jo\images\com_hikashop\upload\baudelaire.jpg could not be opened when trying to generate its thumbnail
<h3>09.16.25 16:40:12</h3>
Image C:\xampp\htdocs\Jo\images\com_hikashop\upload\temperaturedial.jpg could not be opened when trying to generate its thumbnail
<h3>09.16.25 16:40:12</h3>
Image C:\xampp\htdocs\Jo\images\com_hikashop\upload\fotolia_22219014_s.jpg could not be opened when trying to generate its thumbnail
<h3>09.16.25 16:40:12</h3>
Image C:\xampp\htdocs\Jo\images\com_hikashop\upload\fotolia_27565313_s_12632.jpg could not be opened when trying to generate its thumbnail
<h3>09.16.25 16:40:12</h3>
Image C:\xampp\htdocs\Jo\images\com_hikashop\upload\porsche_carrera_4993.jpg could not be opened when trying to generate its thumbnail
<h3>09.16.25 16:40:25</h3>
Image C:\xampp\htdocs\Jo\images\com_hikashop\upload\cat_shoes.png could not be opened when trying to generate its thumbnail
<h3>09.16.25 16:40:25</h3>
Image C:\xampp\htdocs\Jo\images\com_hikashop\upload\cat_computing.png could not be opened when trying to generate its thumbnail
<h3>09.16.25 16:40:25</h3>
Image C:\xampp\htdocs\Jo\images\com_hikashop\upload\cat_ebook.png could not be opened when trying to generate its thumbnail
<h3>09.16.25 16:40:25</h3>
Image C:\xampp\htdocs\Jo\images\com_hikashop\upload\cat_automobile.png could not be opened when trying to generate its thumbnail
<h3>09.16.25 16:40:36</h3>
Image C:\xampp\htdocs\Jo\images\com_hikashop\upload\auto.png could not be opened when trying to generate its thumbnail
<h3>09.16.25 16:40:36</h3>
Image C:\xampp\htdocs\Jo\images\com_hikashop\upload\spareparts.png could not be opened when trying to generate its thumbnail
<h3>09.16.25 16:40:38</h3>
Image C:\xampp\htdocs\Jo\images\com_hikashop\upload\porsche_carrera_4964.jpg could not be opened when trying to generate its thumbnail
<h3>09.16.25 16:40:38</h3>
Image C:\xampp\htdocs\Jo\images\com_hikashop\upload\porsche_carrera_targa.jpg could not be opened when trying to generate its thumbnail
<h3>09.16.25 16:40:38</h3>
Image C:\xampp\htdocs\Jo\images\com_hikashop\upload\porsche_carrera_4993.jpg could not be opened when trying to generate its thumbnail
<h3>09.16.25 16:40:38</h3>
Image C:\xampp\htdocs\Jo\images\com_hikashop\upload\porsche_4s996.jpg could not be opened when trying to generate its thumbnail
<h3>09.16.25 16:40:38</h3>
Image C:\xampp\htdocs\Jo\images\com_hikashop\upload\porsche_911.jpg could not be opened when trying to generate its thumbnail
<h3>09.16.25 16:40:38</h3>
Image C:\xampp\htdocs\Jo\images\com_hikashop\upload\porsche_cayman.jpg could not be opened when trying to generate its thumbnail
<h3>09.16.25 16:40:38</h3>
Image C:\xampp\htdocs\Jo\images\com_hikashop\upload\porsche_carrera.jpg could not be opened when trying to generate its thumbnail
<h3>09.16.25 16:40:38</h3>
Image C:\xampp\htdocs\Jo\images\com_hikashop\upload\porsche_carrera_cabriolet.jpg could not be opened when trying to generate its thumbnail